<?xml version="1.0" encoding="UTF-8"?>
<!-- Generated by org.testng.reporters.JUnitReportReporter -->
<testsuite hostname="Manjunaths-MacBook-Pro.local" name="test.NaviTestImdb" tests="1" failures="0" timestamp="26 Oct 2020 16:03:30 GMT" time="112.054" errors="0">
  <testcase name="searchButton" time="112.054" classname="test.NaviTestImdb"/>
</testsuite> <!-- test.NaviTestImdb -->
