<?xml version="1.0" encoding="UTF-8"?>
<!-- Generated by org.testng.reporters.JUnitReportReporter -->
<testsuite hostname="Manjunaths-MacBook-Pro.local" name="test.NaviTest" tests="1" failures="0" timestamp="26 Oct 2020 18:21:27 GMT" time="152.124" errors="0">
  <testcase name="searchButton" time="152.124" classname="test.NaviTest"/>
</testsuite> <!-- test.NaviTest -->
