<?xml version="1.0" encoding="UTF-8"?>
<!-- Generated by org.testng.reporters.JUnitReportReporter -->
<testsuite hostname="Manjunaths-MacBook-Pro.local" name="test.NaviTestLeeetboxd" tests="1" failures="0" timestamp="26 Oct 2020 06:06:41 GMT" time="46.357" errors="0">
  <testcase name="searchButton" time="46.357" classname="test.NaviTestLeeetboxd"/>
</testsuite> <!-- test.NaviTestLeeetboxd -->
