<?xml version="1.0" encoding="UTF-8"?>
<!-- Generated by org.testng.reporters.JUnitReportReporter -->
<testsuite skipped="0" hostname="Manjunaths-MacBook-Pro.local" name="test.NaviTestImdb" tests="2" failures="0" timestamp="26 Oct 2020 06:52:31 GMT" time="104.414" errors="0">
  <testcase name="searchButton" time="61.417" classname="test.NaviTestImdb"/>
  <testcase name="Letterboxd" time="42.997" classname="test.NaviTestImdb"/>
</testsuite> <!-- test.NaviTestImdb -->
